<?xml version="1.0" encoding="UTF-8"?>
<!-- Generated by org.testng.reporters.JUnitReportReporter -->
<testsuite skipped="0" hostname="IBM571-PC0DXR77" name="com.automation.practice.java.basic.TwoNumberSwapNo3rdElement" tests="1" failures="0" timestamp="02 Jun 2018 20:17:12 GMT" time="0.019" errors="0">
  <testcase name="swapTwoNumbersWithNo3rdNum" time="0.019" classname="com.automation.practice.java.basic.TwoNumberSwapNo3rdElement"/>
</testsuite> <!-- com.automation.practice.java.basic.TwoNumberSwapNo3rdElement -->
